This is pdfTeX, Version 3.14159265-2.6-1.40.21 (MiKTeX 20.7) (preloaded format=pdflatex 2020.9.9)  11 SEP 2020 11:44
entering extended mode
**c:/Users/lees19/Desktop/homework/Transition/LatexExample.tex
(c:/Users/lees19/Desktop/homework/Transition/LatexExample.tex
LaTeX2e <2020-02-02> patch level 5
L3 programming layer <2020-09-03> ("C:\Program Files\MiKTeX\tex/latex/amscls\amsart.cls"
Document Class: amsart 2020/05/29 v2.20.6
\linespacing=\dimen134
\normalparindent=\dimen135
\normaltopskip=\skip47
("C:\Program Files\MiKTeX\tex/latex/amsmath\amsmath.sty"
Package: amsmath 2020/01/20 v2.17e AMS math features
\@mathmargin=\skip48

For additional information on amsmath, use the `?' option.
("C:\Program Files\MiKTeX\tex/latex/amsmath\amstext.sty"
Package: amstext 2000/06/29 v2.01 AMS text
 ("C:\Program Files\MiKTeX\tex/latex/amsmath\amsgen.sty"
File: amsgen.sty 1999/11/30 v2.0 generic functions
\@emptytoks=\toks15
\ex@=\dimen136
)) ("C:\Program Files\MiKTeX\tex/latex/amsmath\amsbsy.sty"
Package: amsbsy 1999/11/29 v1.2d Bold Symbols
\pmbraise@=\dimen137
) ("C:\Program Files\MiKTeX\tex/latex/amsmath\amsopn.sty"
Package: amsopn 2016/03/08 v2.02 operator names
)
\inf@bad=\count168
LaTeX Info: Redefining \frac on input line 227.
\uproot@=\count169
\leftroot@=\count170
LaTeX Info: Redefining \overline on input line 389.
\classnum@=\count171
\DOTSCASE@=\count172
LaTeX Info: Redefining \ldots on input line 486.
LaTeX Info: Redefining \dots on input line 489.
LaTeX Info: Redefining \cdots on input line 610.
\Mathstrutbox@=\box45
\strutbox@=\box46
\big@size=\dimen138
LaTeX Font Info:    Redeclaring font encoding OML on input line 733.
LaTeX Font Info:    Redeclaring font encoding OMS on input line 734.
\macc@depth=\count173
\c@MaxMatrixCols=\count174
\dotsspace@=\muskip16
\c@parentequation=\count175
\dspbrk@lvl=\count176
\tag@help=\toks16
\row@=\count177
\column@=\count178
\maxfields@=\count179
\andhelp@=\toks17
\eqnshift@=\dimen139
\alignsep@=\dimen140
\tagshift@=\dimen141
\tagwidth@=\dimen142
\totwidth@=\dimen143
\lineht@=\dimen144
\@envbody=\toks18
\multlinegap=\skip49
\multlinetaggap=\skip50
\mathdisplay@stack=\toks19
LaTeX Info: Redefining \[ on input line 2859.
LaTeX Info: Redefining \] on input line 2860.
)
LaTeX Font Info:    Trying to load font information for U+msa on input line 397.
 ("C:\Program Files\MiKTeX\tex/latex/amsfonts\umsa.fd"
File: umsa.fd 2013/01/14 v3.01 AMS symbols A
) ("C:\Program Files\MiKTeX\tex/latex/amsfonts\amsfonts.sty"
Package: amsfonts 2013/01/14 v3.01 Basic AMSFonts support
\symAMSa=\mathgroup4
\symAMSb=\mathgroup5
LaTeX Font Info:    Redeclaring math symbol \hbar on input line 98.
LaTeX Font Info:    Overwriting math alphabet `\mathfrak' in version `bold'
(Font)                  U/euf/m/n --> U/euf/b/n on input line 106.
)
\copyins=\insert199
\abstractbox=\box47
\listisep=\skip51
\c@part=\count180
\c@section=\count181
\c@subsection=\count182
\c@subsubsection=\count183
\c@paragraph=\count184
\c@subparagraph=\count185
\c@figure=\count186
\c@table=\count187
\abovecaptionskip=\skip52
\belowcaptionskip=\skip53
\captionindent=\dimen145
\thm@style=\toks20
\thm@bodyfont=\toks21
\thm@headfont=\toks22
\thm@notefont=\toks23
\thm@headpunct=\toks24
\thm@preskip=\skip54
\thm@postskip=\skip55
\thm@headsep=\skip56
\dth@everypar=\toks25
) ("C:\Program Files\MiKTeX\tex/latex/amsfonts\amssymb.sty"
Package: amssymb 2013/01/14 v3.01 AMS font symbols
) ("C:\Program Files\MiKTeX\tex/generic/xypic\xy.sty" ("C:\Program Files\MiKTeX\tex/generic/xypic\xy.tex" Bootstrap'ing: catcodes, docmode, ("C:\Program Files\MiKTeX\tex/generic/xypic\xyrecat.tex") ("C:\Program Files\MiKTeX\tex/generic/xypic\xyidioms.tex")

 Xy-pic version 3.8.9 <2013/10/06>
 Copyright (c) 1991-2013 by Kristoffer H. Rose <krisrose@tug.org> and others
 Xy-pic is free software: see the User's Guide for details.

Loading kernel: messages; fonts; allocations: state,
\X@c=\dimen146
\Y@c=\dimen147
\U@c=\dimen148
\D@c=\dimen149
\L@c=\dimen150
\R@c=\dimen151
\Edge@c=\toks26
\X@p=\dimen152
\Y@p=\dimen153
\U@p=\dimen154
\D@p=\dimen155
\L@p=\dimen156
\R@p=\dimen157
\Edge@p=\toks27
\X@origin=\dimen158
\Y@origin=\dimen159
\X@xbase=\dimen160
\Y@xbase=\dimen161
\X@ybase=\dimen162
\Y@ybase=\dimen163
\X@min=\dimen164
\Y@min=\dimen165
\X@max=\dimen166
\Y@max=\dimen167
\lastobjectbox@=\box48
\zerodotbox@=\box49
\almostz@=\dimen168
 direction,
\d@X=\dimen169
\d@Y=\dimen170
\K@=\count188
\KK@=\count189
\Direction=\count190
\K@dXdY=\dimen171
\K@dYdX=\dimen172
\xyread@=\read2
\xywrite@=\write3
\csp@=\count191
\quotPTK@=\dimen173
 utility macros; pictures: \xy, positions,
\swaptoks@@=\toks28
\connectobjectbox@@=\box50
 objects,
\styletoks@=\toks29
 decorations; kernel objects: directionals, circles, text; options; algorithms: directions, edges, connections;  Xy-pic loaded) ("C:\Program Files\MiKTeX\tex/generic/iftex\ifpdf.sty"
Package: ifpdf 2019/10/25 v3.4 ifpdf legacy package. Use iftex instead.
 ("C:\Program Files\MiKTeX\tex/generic/iftex\iftex.sty"
Package: iftex 2020/03/06 v1.0d TeX engine tests
))
Package: xy 2013/10/06 Xy-pic version 3.8.9
 ("C:\Program Files\MiKTeX\tex/generic/xypic\xyall.tex"  Xy-pic option: All features v.3.8 ("C:\Program Files\MiKTeX\tex/generic/xypic\xycurve.tex"  Xy-pic option: Curve and Spline extension v.3.12 curve,
\crv@cnt@=\count192
\crvpts@=\toks30
\splinebox@=\box51
\splineval@=\dimen174
\splinedepth@=\dimen175
\splinetol@=\dimen176
\splinelength@=\dimen177
 circles,
\L@=\dimen178
 loaded) ("C:\Program Files\MiKTeX\tex/generic/xypic\xyframe.tex"  Xy-pic option: Frame and Bracket extension v.3.14 loaded) ("C:\Program Files\MiKTeX\tex/generic/xypic\xycmtip.tex"  Xy-pic option: Computer Modern tip extension v.3.7 ("C:\Program Files\MiKTeX\tex/generic/xypic\xytips.tex"  Xy-pic option: More Tips extension v.3.11 loaded) loaded) ("C:\Program Files\MiKTeX\tex/generic/xypic\xyline.tex"  Xy-pic option: Line styles extension v.3.10
\xylinethick@=\dimen179
 loaded) ("C:\Program Files\MiKTeX\tex/generic/xypic\xyrotate.tex"  Xy-pic option: Rotate and Scale extension v.3.8 loaded) ("C:\Program Files\MiKTeX\tex/generic/xypic\xycolor.tex"  Xy-pic option: Colour extension v.3.11 loaded) ("C:\Program Files\MiKTeX\tex/generic/xypic\xymatrix.tex"  Xy-pic option: Matrix feature v.3.14
\Row=\count193
\Col=\count194
\queue@=\toks31
\queue@@=\toks32
\qcount@=\count195
\qcount@@=\count196
\matrixsize@=\count197
 loaded) ("C:\Program Files\MiKTeX\tex/generic/xypic\xyarrow.tex"  Xy-pic option: Arrow and Path feature v.3.9 path, \ar, loaded) ("C:\Program Files\MiKTeX\tex/generic/xypic\xygraph.tex"  Xy-pic option: Graph feature v.3.11 loaded) loaded) ("C:\Program Files\MiKTeX\tex/generic/xypic\xypdf.tex"  Xy-pic option: PDF driver v.1.7 Xy-pic pdf driver: `color' extension support ("C:\Program Files\MiKTeX\tex/generic/xypic\xypdf-co.tex" loaded) Xy-pic pdf driver: `curve' extension support ("C:\Program Files\MiKTeX\tex/generic/xypic\xypdf-cu.tex" loaded) Xy-pic pdf driver: `frame' extension support ("C:\Program Files\MiKTeX\tex/generic/xypic\xypdf-fr.tex" loaded) Xy-pic pdf driver: `line' extension support ("C:\Program Files\MiKTeX\tex/generic/xypic\xypdf-li.tex" loaded) Xy-pic pdf driver: `rotate' extension support ("C:\Program Files\MiKTeX\tex/generic/xypic\xypdf-ro.tex" loaded) loaded)) ("C:\Program Files\MiKTeX\tex/latex/graphics\graphicx.sty"
Package: graphicx 2019/11/30 v1.2a Enhanced LaTeX Graphics (DPC,SPQR)
 ("C:\Program Files\MiKTeX\tex/latex/graphics\keyval.sty"
Package: keyval 2014/10/28 v1.15 key=value parser (DPC)
\KV@toks@=\toks33
) ("C:\Program Files\MiKTeX\tex/latex/graphics\graphics.sty"
Package: graphics 2019/11/30 v1.4a Standard LaTeX Graphics (DPC,SPQR)
 ("C:\Program Files\MiKTeX\tex/latex/graphics\trig.sty"
Package: trig 2016/01/03 v1.10 sin cos tan (DPC)
) ("C:\Program Files\MiKTeX\tex/latex/graphics-cfg\graphics.cfg"
File: graphics.cfg 2016/06/04 v1.11 sample graphics configuration
)
Package graphics Info: Driver file: pdftex.def on input line 105.
 ("C:\Program Files\MiKTeX\tex/latex/graphics-def\pdftex.def"
File: pdftex.def 2020/08/26 v1.2 Graphics/color driver for pdftex
))
\Gin@req@height=\dimen180
\Gin@req@width=\dimen181
)
\c@theorem=\count198
 ("C:\Program Files\MiKTeX\tex/latex/l3backend\l3backend-pdftex.def"
File: l3backend-pdftex.def 2020-09-01 L3 backend support: PDF output (pdfTeX)
\l__kernel_color_stack_int=\count266
\l__pdf_internal_box=\box52
) (c:/Users\lees19\Desktop\homework\Transition\LatexExample.aux)
\openout1 = `LatexExample.aux'.

LaTeX Font Info:    Checking defaults for OML/cmm/m/it on input line 73.
LaTeX Font Info:    ... okay on input line 73.
LaTeX Font Info:    Checking defaults for OMS/cmsy/m/n on input line 73.
LaTeX Font Info:    ... okay on input line 73.
LaTeX Font Info:    Checking defaults for OT1/cmr/m/n on input line 73.
LaTeX Font Info:    ... okay on input line 73.
LaTeX Font Info:    Checking defaults for T1/cmr/m/n on input line 73.
LaTeX Font Info:    ... okay on input line 73.
LaTeX Font Info:    Checking defaults for TS1/cmr/m/n on input line 73.
LaTeX Font Info:    ... okay on input line 73.
LaTeX Font Info:    Checking defaults for OMX/cmex/m/n on input line 73.
LaTeX Font Info:    ... okay on input line 73.
LaTeX Font Info:    Checking defaults for U/cmr/m/n on input line 73.
LaTeX Font Info:    ... okay on input line 73.
LaTeX Font Info:    Trying to load font information for U+msa on input line 73.
 ("C:\Program Files\MiKTeX\tex/latex/amsfonts\umsa.fd"
File: umsa.fd 2013/01/14 v3.01 AMS symbols A
)
LaTeX Font Info:    Trying to load font information for U+msb on input line 73.
 ("C:\Program Files\MiKTeX\tex/latex/amsfonts\umsb.fd"
File: umsb.fd 2013/01/14 v3.01 AMS symbols B
)
Package xypdf Info: Line width: 0.47998pt on input line 73.
 ("C:\Program Files\MiKTeX\tex/context/base/mkii\supp-pdf.mkii"
[Loading MPS to PDF converter (version 2006.09.02).]
\scratchcounter=\count267
\scratchdimen=\dimen182
\scratchbox=\box53
\nofMPsegments=\count268
\nofMParguments=\count269
\everyMPshowfont=\toks34
\MPscratchCnt=\count270
\MPscratchDim=\dimen183
\MPnumerator=\count271
\makeMPintoPDFobject=\count272
\everyMPtoPDFconversion=\toks35
) ("C:\Program Files\MiKTeX\tex/latex/epstopdf-pkg\epstopdf-base.sty"
Package: epstopdf-base 2020-01-24 v2.11 Base part for package epstopdf
Package epstopdf-base Info: Redefining graphics rule for `.eps' on input line 485.
) [0

{C:/Users/lees19/AppData/Local/MiKTeX/pdftex/config/pdftex.map}] (c:/Users\lees19\Desktop\homework\Transition\LatexExample.toc)
\tf@toc=\write4
\openout4 = `LatexExample.toc'.

 [1]
LaTeX Font Info:    Trying to load font information for TS1+cmtt on input line 173.
 ("C:\Program Files\MiKTeX\tex/latex/base\ts1cmtt.fd"
File: ts1cmtt.fd 2019/12/16 v2.5j Standard LaTeX font definitions
) [1] [2] [3] [4]
LaTeX Font Info:    Trying to load font information for U+euf on input line 577.
 ("C:\Program Files\MiKTeX\tex/latex/amsfonts\ueuf.fd"
File: ueuf.fd 2013/01/14 v3.01 Euler Fraktur
) [5]
LaTeX Font Info:    Trying to load font information for OMS+cmr on input line 648.
 ("C:\Program Files\MiKTeX\tex/latex/base\omscmr.fd"
File: omscmr.fd 2019/12/16 v2.5j Standard LaTeX font definitions
)
LaTeX Font Info:    Font shape `OMS/cmr/m/n' in size <12> not available
(Font)              Font shape `OMS/cmsy/m/n' tried instead on input line 648.
 [6] [7] [8] [9] (c:/Users\lees19\Desktop\homework\Transition\LatexExample.aux) ) 
Here is how much of TeX's memory you used:
 5621 strings out of 481199
 69522 string characters out of 2915347
 361237 words of memory out of 3000000
 20953 multiletter control sequences out of 15000+200000
 551651 words of font info for 98 fonts, out of 3000000 for 9000
 1302 hyphenation exceptions out of 8191
 43i,13n,37p,3288b,277s stack positions out of 5000i,500n,10000p,200000b,50000s
 <C:\Users\lees19\AppData\Local\MiKTeX\fonts/pk/ljfour/jknappen/ec/dpi600\tcrm1200.pk> <C:\Users\lees19\AppData\Local\MiKTeX\fonts/pk/ljfour/jknappen/ec/dpi600\tctt1200.pk><C:/Program Files/MiKTeX/fonts/type1/public/amsfonts/cm/cmbx10.pfb><C:/Program Files/MiKTeX/fonts/type1/public/amsfonts/cm/cmbx12.pfb><C:/Program Files/MiKTeX/fonts/type1/public/amsfonts/cm/cmbx8.pfb><C:/Program Files/MiKTeX/fonts/type1/public/amsfonts/cm/cmcsc10.pfb><C:/Program Files/MiKTeX/fonts/type1/public/amsfonts/cm/cmex10.pfb><C:/Program Files/MiKTeX/fonts/type1/public/amsfonts/cm/cmmi10.pfb><C:/Program Files/MiKTeX/fonts/type1/public/amsfonts/cm/cmmi12.pfb><C:/Program Files/MiKTeX/fonts/type1/public/amsfonts/cm/cmmi6.pfb><C:/Program Files/MiKTeX/fonts/type1/public/amsfonts/cm/cmmi8.pfb><C:/Program Files/MiKTeX/fonts/type1/public/amsfonts/cm/cmr10.pfb><C:/Program Files/MiKTeX/fonts/type1/public/amsfonts/cm/cmr12.pfb><C:/Program Files/MiKTeX/fonts/type1/public/amsfonts/cm/cmr17.pfb><C:/Program Files/MiKTeX/fonts/type1/public/amsfonts/cm/cmr6.pfb><C:/Program Files/MiKTeX/fonts/type1/public/amsfonts/cm/cmr8.pfb><C:/Program Files/MiKTeX/fonts/type1/public/amsfonts/cm/cmr9.pfb><C:/Program Files/MiKTeX/fonts/type1/public/amsfonts/cm/cmss12.pfb><C:/Program Files/MiKTeX/fonts/type1/public/amsfonts/cm/cmsy10.pfb><C:/Program Files/MiKTeX/fonts/type1/public/amsfonts/cm/cmsy8.pfb><C:/Program Files/MiKTeX/fonts/type1/public/amsfonts/cm/cmti10.pfb><C:/Program Files/MiKTeX/fonts/type1/public/amsfonts/cm/cmti12.pfb><C:/Program Files/MiKTeX/fonts/type1/public/amsfonts/cm/cmtt10.pfb><C:/Program Files/MiKTeX/fonts/type1/public/amsfonts/cm/cmtt12.pfb><C:/Program Files/MiKTeX/fonts/type1/public/amsfonts/euler/eufm10.pfb><C:/Program Files/MiKTeX/fonts/type1/public/amsfonts/symbols/msam10.pfb><C:/Program Files/MiKTeX/fonts/type1/public/amsfonts/symbols/msbm10.pfb>
Output written on c:/Users\lees19\Desktop\homework\Transition\LatexExample.pdf (11 pages, 337138 bytes).
PDF statistics:
 148 PDF objects out of 1000 (max. 8388607)
 0 named destinations out of 1000 (max. 500000)
 1 words of extra memory for PDF output out of 10000 (max. 10000000)

